<?xml version="1.0" encoding="UTF-8"?>
<!-- Generated by org.testng.reporters.JUnitReportReporter -->
<testsuite hostname="ip-192-168-1-15.ap-southeast-1.compute.internal" name="jenkins.Login_01" tests="3" failures="0" timestamp="26 Feb 2022 14:50:15 GMT" time="0.041" errors="0">
  <testcase name="TC_01_CreateNewAccount" time="0.026" classname="jenkins.Login_01"/>
  <testcase name="TC_03_TestMenu" time="0.006" classname="jenkins.Login_01"/>
  <testcase name="TC_02_Login" time="0.009" classname="jenkins.Login_01"/>
</testsuite> <!-- jenkins.Login_01 -->
